export const SAMPLE_QUERY_PLAN = [{"Plan":{"Node Type":"Nested Loop","Parallel Aware":false,"Async Capable":false,"Join Type":"Left","Startup Cost":1730.03,"Total Cost":56544.91,"Plan Rows":1,"Plan Width":1656,"Actual Startup Time":72.806,"Actual Total Time":72.812,"Actual Rows":0,"Actual Loops":1,"Output":["tbl_chat_properties.org_id","tbl_chat_properties.chat_id","tbl_chats.org_phone","tbl_chats.chat_image","tbl_chats.invite_link","tbl_chat_properties.label_ids","tbl_chat_properties.updated_at","tbl_chats.chat_name","tbl_chats.latest_message","tbl_chats.member_count","tbl_chats.chat_type","(json_object_agg(tbl_org_members_1.email, CASE WHEN (tbl_org_members_1.role = 'admin'::enum_member_role) THEN true WHEN (NOT (tbl_org_members_1.org_phones && tbl_chat_properties.chat_org_phones)) THEN false WHEN (tbl_chat_properties.assigned_to = tbl_org_members_1.email) THEN true WHEN ((tbl_chat_properties.chat_access ->> tbl_org_members_1.email) IS NOT NULL) THEN ((tbl_chat_properties.chat_access ->> tbl_org_members_1.email))::boolean WHEN ((tbl_org_members_1.label_ids @> '{no-label}'::text[]) AND (tbl_chat_properties.label_ids = '{}'::jsonb)) THEN true ELSE ((tbl_org_members_1.label_ids IS NULL) OR (SubPlan 2)) END) FILTER (WHERE (tbl_org_members_1.email IS NOT NULL)))","NULL::timestamp with time zone","(tbl_chats.group_metadata ->> 'desc'::text)","((tbl_chats.group_metadata ->> 'restrict'::text))::boolean","((tbl_chats.group_metadata ->> 'announce'::text))::boolean","tbl_chat_properties.custom_properties","tbl_chat_properties.hubspot_metadata","tbl_chats.created_at","tbl_chats.is_muted","tbl_chats.archived","CASE WHEN ((tbl_org_members.preferences ->> 'sync_wa_unread_count'::text))::boolean THEN tbl_chats.unread_count ELSE ((tbl_chat_properties.unread_count ->> COALESCE(NULLIF(current_setting('request.jwt.claim.email'::text, true), ''::text), ((NULLIF(current_setting('request.jwt.claims'::text, true), ''::text))::jsonb ->> 'email'::text))))::numeric END","(COALESCE((tbl_chat_properties.flag_count_map ->> tbl_chats.org_phone), '0'::text))::numeric","CASE WHEN ((COALESCE(NULLIF(current_setting('request.jwt.claim.email'::text, true), ''::text), ((NULLIF(current_setting('request.jwt.claims'::text, true), ''::text))::jsonb ->> 'email'::text)) IS NULL) OR (tbl_org_members.role = 'admin'::enum_member_role)) THEN tbl_chat_properties.chat_org_phones ELSE (SubPlan 1) END","tbl_chat_properties.assigned_to","tbl_chat_properties.flag_count_map"],"Inner Unique":true,"Filter":"((COALESCE(NULLIF(current_setting('request.jwt.claim.email'::text, true), ''::text), ((NULLIF(current_setting('request.jwt.claims'::text, true), ''::text))::jsonb ->> 'email'::text)) IS NULL) OR (tbl_org_members.role = 'admin'::enum_member_role) OR (tbl_chats.org_phone = ANY (tbl_org_members.org_phones)))","Rows Removed by Filter":34,"Shared Hit Blocks":231,"Shared Read Blocks":18,"Shared Dirtied Blocks":0,"Shared Written Blocks":0,"Local Hit Blocks":0,"Local Read Blocks":0,"Local Dirtied Blocks":0,"Local Written Blocks":0,"Temp Read Blocks":963,"Temp Written Blocks":965,"Plans":[{"Node Type":"Merge Join","Parent Relationship":"Outer","Parallel Aware":false,"Async Capable":false,"Join Type":"Inner","Startup Cost":1729.65,"Total Cost":56539.91,"Plan Rows":2,"Plan Width":2575,"Actual Startup Time":70.496,"Actual Total Time":71.099,"Actual Rows":34,"Actual Loops":1,"Output":["tbl_chat_properties.org_id","tbl_chat_properties.chat_id","tbl_chat_properties.label_ids","tbl_chat_properties.updated_at","(json_object_agg(tbl_org_members_1.email, CASE WHEN (tbl_org_members_1.role = 'admin'::enum_member_role) THEN true WHEN (NOT (tbl_org_members_1.org_phones && tbl_chat_properties.chat_org_phones)) THEN false WHEN (tbl_chat_properties.assigned_to = tbl_org_members_1.email) THEN true WHEN ((tbl_chat_properties.chat_access ->> tbl_org_members_1.email) IS NOT NULL) THEN ((tbl_chat_properties.chat_access ->> tbl_org_members_1.email))::boolean WHEN ((tbl_org_members_1.label_ids @> '{no-label}'::text[]) AND (tbl_chat_properties.label_ids = '{}'::jsonb)) THEN true ELSE ((tbl_org_members_1.label_ids IS NULL) OR (SubPlan 2)) END) FILTER (WHERE (tbl_org_members_1.email IS NOT NULL)))","tbl_chat_properties.custom_properties","tbl_chat_properties.hubspot_metadata","tbl_chat_properties.unread_count","tbl_chat_properties.flag_count_map","tbl_chat_properties.chat_org_phones","tbl_chat_properties.assigned_to","tbl_chats.org_phone","tbl_chats.chat_image","tbl_chats.invite_link","tbl_chats.chat_name","tbl_chats.latest_message","tbl_chats.member_count","tbl_chats.chat_type","tbl_chats.group_metadata","tbl_chats.created_at","tbl_chats.is_muted","tbl_chats.archived","tbl_chats.unread_count","tbl_chats.org_id"],"Inner Unique":false,"Merge Cond":"(tbl_chat_properties.org_id = tbl_chats.org_id)","Join Filter":"(tbl_chat_properties.chat_id = tbl_chats.chat_id)","Rows Removed by Join Filter":1122,"Shared Hit Blocks":163,"Shared Read Blocks":18,"Shared Dirtied Blocks":0,"Shared Written Blocks":0,"Local Hit Blocks":0,"Local Read Blocks":0,"Local Dirtied Blocks":0,"Local Written Blocks":0,"Temp Read Blocks":963,"Temp Written Blocks":965,"Plans":[{"Node Type":"Aggregate","Strategy":"Sorted","Partial Mode":"Simple","Parent Relationship":"Outer","Parallel Aware":false,"Async Capable":false,"Startup Cost":1729.26,"Total Cost":56463.3,"Plan Rows":2223,"Plan Width":172,"Actual Startup Time":48.85,"Actual Total Time":69.285,"Actual Rows":2717,"Actual Loops":1,"Output":["tbl_chat_properties.chat_id","tbl_chat_properties.org_id","tbl_chat_properties.label_ids","tbl_chat_properties.custom_properties","tbl_chat_properties.hubspot_metadata","json_object_agg(tbl_org_members_1.email, CASE WHEN (tbl_org_members_1.role = 'admin'::enum_member_role) THEN true WHEN (NOT (tbl_org_members_1.org_phones && tbl_chat_properties.chat_org_phones)) THEN false WHEN (tbl_chat_properties.assigned_to = tbl_org_members_1.email) THEN true WHEN ((tbl_chat_properties.chat_access ->> tbl_org_members_1.email) IS NOT NULL) THEN ((tbl_chat_properties.chat_access ->> tbl_org_members_1.email))::boolean WHEN ((tbl_org_members_1.label_ids @> '{no-label}'::text[]) AND (tbl_chat_properties.label_ids = '{}'::jsonb)) THEN true ELSE ((tbl_org_members_1.label_ids IS NULL) OR (SubPlan 2)) END) FILTER (WHERE (tbl_org_members_1.email IS NOT NULL))","tbl_chat_properties.unread_count","tbl_chat_properties.chat_org_phones","tbl_chat_properties.assigned_to","tbl_chat_properties.updated_at","tbl_chat_properties.flag_count_map"],"Group Key":["tbl_chat_properties.org_id","tbl_chat_properties.chat_id"],"Shared Hit Blocks":138,"Shared Read Blocks":18,"Shared Dirtied Blocks":0,"Shared Written Blocks":0,"Local Hit Blocks":0,"Local Read Blocks":0,"Local Dirtied Blocks":0,"Local Written Blocks":0,"Temp Read Blocks":963,"Temp Written Blocks":965,"Plans":[{"Node Type":"Incremental Sort","Parent Relationship":"Outer","Parallel Aware":false,"Async Capable":false,"Startup Cost":1729.26,"Total Cost":2157.62,"Plan Rows":4866,"Plan Width":300,"Actual Startup Time":48.82,"Actual Total Time":56.72,"Actual Rows":32230,"Actual Loops":1,"Output":["tbl_chat_properties.chat_id","tbl_chat_properties.org_id","tbl_chat_properties.label_ids","tbl_chat_properties.custom_properties","tbl_chat_properties.hubspot_metadata","tbl_org_members_1.email","tbl_org_members_1.role","tbl_org_members_1.org_phones","tbl_chat_properties.chat_org_phones","tbl_chat_properties.assigned_to","tbl_chat_properties.chat_access","tbl_org_members_1.label_ids","tbl_chat_properties.unread_count","tbl_chat_properties.updated_at","tbl_chat_properties.flag_count_map"],"Sort Key":["tbl_chat_properties.org_id","tbl_chat_properties.chat_id"],"Presorted Key":["tbl_chat_properties.org_id"],"Full-sort Groups":{"Group Count":2,"Sort Methods Used":["quicksort"],"Sort Space Memory":{"Average Sort Space Used":41,"Peak Sort Space Used":41}},"Pre-sorted Groups":{"Group Count":1,"Sort Methods Used":["external merge"],"Sort Space Disk":{"Average Sort Space Used":7704,"Peak Sort Space Used":7704}},"Shared Hit Blocks":138,"Shared Read Blocks":18,"Shared Dirtied Blocks":0,"Shared Written Blocks":0,"Local Hit Blocks":0,"Local Read Blocks":0,"Local Dirtied Blocks":0,"Local Written Blocks":0,"Temp Read Blocks":963,"Temp Written Blocks":965,"Plans":[{"Node Type":"Merge Join","Parent Relationship":"Outer","Parallel Aware":false,"Async Capable":false,"Join Type":"Left","Startup Cost":1717.62,"Total Cost":1804.19,"Plan Rows":4866,"Plan Width":300,"Actual Startup Time":13.933,"Actual Total Time":20.166,"Actual Rows":32230,"Actual Loops":1,"Output":["tbl_chat_properties.chat_id","tbl_chat_properties.org_id","tbl_chat_properties.label_ids","tbl_chat_properties.custom_properties","tbl_chat_properties.hubspot_metadata","tbl_org_members_1.email","tbl_org_members_1.role","tbl_org_members_1.org_phones","tbl_chat_properties.chat_org_phones","tbl_chat_properties.assigned_to","tbl_chat_properties.chat_access","tbl_org_members_1.label_ids","tbl_chat_properties.unread_count","tbl_chat_properties.updated_at","tbl_chat_properties.flag_count_map"],"Inner Unique":false,"Merge Cond":"(tbl_chat_properties.org_id = tbl_org_members_1.org_id)","Shared Hit Blocks":135,"Shared Read Blocks":18,"Shared Dirtied Blocks":0,"Shared Written Blocks":0,"Local Hit Blocks":0,"Local Read Blocks":0,"Local Dirtied Blocks":0,"Local Written Blocks":0,"Temp Read Blocks":0,"Temp Written Blocks":0,"Plans":[{"Node Type":"Sort","Parent Relationship":"Outer","Parallel Aware":false,"Async Capable":false,"Startup Cost":1712.56,"Total Cost":1719.35,"Plan Rows":2717,"Plan Width":146,"Actual Startup Time":13.368,"Actual Total Time":13.467,"Actual Rows":2717,"Actual Loops":1,"Output":["tbl_chat_properties.chat_id","tbl_chat_properties.org_id","tbl_chat_properties.label_ids","tbl_chat_properties.custom_properties","tbl_chat_properties.hubspot_metadata","tbl_chat_properties.chat_org_phones","tbl_chat_properties.assigned_to","tbl_chat_properties.chat_access","tbl_chat_properties.unread_count","tbl_chat_properties.updated_at","tbl_chat_properties.flag_count_map"],"Sort Key":["tbl_chat_properties.org_id"],"Sort Method":"quicksort","Sort Space Used":530,"Sort Space Type":"Memory","Shared Hit Blocks":134,"Shared Read Blocks":18,"Shared Dirtied Blocks":0,"Shared Written Blocks":0,"Local Hit Blocks":0,"Local Read Blocks":0,"Local Dirtied Blocks":0,"Local Written Blocks":0,"Temp Read Blocks":0,"Temp Written Blocks":0,"Plans":[{"Node Type":"Bitmap Heap Scan","Parent Relationship":"Outer","Parallel Aware":false,"Async Capable":false,"Relation Name":"tbl_chat_properties","Schema":"public","Alias":"tbl_chat_properties","Startup Cost":96.2,"Total Cost":1557.59,"Plan Rows":2717,"Plan Width":146,"Actual Startup Time":4.52,"Actual Total Time":12.551,"Actual Rows":2717,"Actual Loops":1,"Output":["tbl_chat_properties.chat_id","tbl_chat_properties.org_id","tbl_chat_properties.label_ids","tbl_chat_properties.custom_properties","tbl_chat_properties.hubspot_metadata","tbl_chat_properties.chat_org_phones","tbl_chat_properties.assigned_to","tbl_chat_properties.chat_access","tbl_chat_properties.unread_count","tbl_chat_properties.updated_at","tbl_chat_properties.flag_count_map"],"Recheck Cond":"(tbl_chat_properties.org_id = ANY (list_org_from_user()))","Rows Removed by Index Recheck":0,"Exact Heap Blocks":130,"Lossy Heap Blocks":0,"Shared Hit Blocks":134,"Shared Read Blocks":18,"Shared Dirtied Blocks":0,"Shared Written Blocks":0,"Local Hit Blocks":0,"Local Read Blocks":0,"Local Dirtied Blocks":0,"Local Written Blocks":0,"Temp Read Blocks":0,"Temp Written Blocks":0,"Plans":[{"Node Type":"Bitmap Index Scan","Parent Relationship":"Outer","Parallel Aware":false,"Async Capable":false,"Index Name":"tbl_chat_properties_org_id_updated_at_idx","Startup Cost":0,"Total Cost":95.53,"Plan Rows":2717,"Plan Width":0,"Actual Startup Time":4.235,"Actual Total Time":4.236,"Actual Rows":2735,"Actual Loops":1,"Index Cond":"(tbl_chat_properties.org_id = ANY (list_org_from_user()))","Shared Hit Blocks":4,"Shared Read Blocks":18,"Shared Dirtied Blocks":0,"Shared Written Blocks":0,"Local Hit Blocks":0,"Local Read Blocks":0,"Local Dirtied Blocks":0,"Local Written Blocks":0,"Temp Read Blocks":0,"Temp Written Blocks":0}]}]},{"Node Type":"Sort","Parent Relationship":"Inner","Parallel Aware":false,"Async Capable":false,"Startup Cost":5.06,"Total Cost":5.09,"Plan Rows":13,"Plan Width":170,"Actual Startup Time":0.56,"Actual Total Time":1.552,"Actual Rows":32197,"Actual Loops":1,"Output":["tbl_org_members_1.email","tbl_org_members_1.role","tbl_org_members_1.org_phones","tbl_org_members_1.label_ids","tbl_org_members_1.org_id"],"Sort Key":["tbl_org_members_1.org_id"],"Sort Method":"quicksort","Sort Space Used":27,"Sort Space Type":"Memory","Shared Hit Blocks":1,"Shared Read Blocks":0,"Shared Dirtied Blocks":0,"Shared Written Blocks":0,"Local Hit Blocks":0,"Local Read Blocks":0,"Local Dirtied Blocks":0,"Local Written Blocks":0,"Temp Read Blocks":0,"Temp Written Blocks":0,"Plans":[{"Node Type":"Seq Scan","Parent Relationship":"Outer","Parallel Aware":false,"Async Capable":false,"Relation Name":"tbl_org_members","Schema":"public","Alias":"tbl_org_members_1","Startup Cost":0,"Total Cost":4.82,"Plan Rows":13,"Plan Width":170,"Actual Startup Time":0.193,"Actual Total Time":0.527,"Actual Rows":13,"Actual Loops":1,"Output":["tbl_org_members_1.email","tbl_org_members_1.role","tbl_org_members_1.org_phones","tbl_org_members_1.label_ids","tbl_org_members_1.org_id"],"Filter":"(tbl_org_members_1.org_id = ANY (list_org_from_user()))","Rows Removed by Filter":1,"Shared Hit Blocks":1,"Shared Read Blocks":0,"Shared Dirtied Blocks":0,"Shared Written Blocks":0,"Local Hit Blocks":0,"Local Read Blocks":0,"Local Dirtied Blocks":0,"Local Written Blocks":0,"Temp Read Blocks":0,"Temp Written Blocks":0}]}]}]},{"Node Type":"Nested Loop","Parent Relationship":"SubPlan","Subplan Name":"SubPlan 2","Parallel Aware":false,"Async Capable":false,"Join Type":"Inner","Startup Cost":0.15,"Total Cost":11.12,"Plan Rows":1,"Plan Width":0,"Actual Startup Time":0,"Actual Total Time":0,"Actual Rows":0,"Actual Loops":0,"Inner Unique":true,"Shared Hit Blocks":0,"Shared Read Blocks":0,"Shared Dirtied Blocks":0,"Shared Written Blocks":0,"Local Hit Blocks":0,"Local Read Blocks":0,"Local Dirtied Blocks":0,"Local Written Blocks":0,"Temp Read Blocks":0,"Temp Written Blocks":0,"Plans":[{"Node Type":"Function Scan","Parent Relationship":"Outer","Parallel Aware":false,"Async Capable":false,"Function Name":"jsonb_each","Schema":"pg_catalog","Alias":"chat_labels","Startup Cost":0,"Total Cost":2.5,"Plan Rows":1,"Plan Width":32,"Actual Startup Time":0,"Actual Total Time":0,"Actual Rows":0,"Actual Loops":0,"Output":["chat_labels.label_id","chat_labels.label_value"],"Function Call":"jsonb_each(tbl_chat_properties.label_ids)","Filter":"((chat_labels.label_id = ANY (tbl_org_members_1.label_ids)) AND (chat_labels.label_value = 'true'::jsonb))","Rows Removed by Filter":0,"Shared Hit Blocks":0,"Shared Read Blocks":0,"Shared Dirtied Blocks":0,"Shared Written Blocks":0,"Local Hit Blocks":0,"Local Read Blocks":0,"Local Dirtied Blocks":0,"Local Written Blocks":0,"Temp Read Blocks":0,"Temp Written Blocks":0},{"Node Type":"Index Scan","Parent Relationship":"Inner","Parallel Aware":false,"Async Capable":false,"Scan Direction":"Forward","Index Name":"tbl_labels_pkey","Relation Name":"tbl_org_labels","Schema":"public","Alias":"tbl_org_labels","Startup Cost":0.14,"Total Cost":8.42,"Plan Rows":1,"Plan Width":23,"Actual Startup Time":0,"Actual Total Time":0,"Actual Rows":0,"Actual Loops":0,"Output":["tbl_org_labels.label_id","tbl_org_labels.created_at","tbl_org_labels.org_id","tbl_org_labels.name","tbl_org_labels.color","tbl_org_labels.type"],"Index Cond":"(tbl_org_labels.label_id = chat_labels.label_id)","Rows Removed by Index Recheck":0,"Filter":"(tbl_org_labels.org_id = ANY (list_org_from_user()))","Rows Removed by Filter":0,"Shared Hit Blocks":0,"Shared Read Blocks":0,"Shared Dirtied Blocks":0,"Shared Written Blocks":0,"Local Hit Blocks":0,"Local Read Blocks":0,"Local Dirtied Blocks":0,"Local Written Blocks":0,"Temp Read Blocks":0,"Temp Written Blocks":0}]}]},{"Node Type":"Materialize","Parent Relationship":"Inner","Parallel Aware":false,"Async Capable":false,"Startup Cost":0.39,"Total Cost":42.3,"Plan Rows":34,"Plan Width":2425,"Actual Startup Time":0.278,"Actual Total Time":1.535,"Actual Rows":1123,"Actual Loops":1,"Output":["tbl_chats.org_phone","tbl_chats.chat_image","tbl_chats.invite_link","tbl_chats.chat_name","tbl_chats.latest_message","tbl_chats.member_count","tbl_chats.chat_type","tbl_chats.group_metadata","tbl_chats.created_at","tbl_chats.is_muted","tbl_chats.archived","tbl_chats.unread_count","tbl_chats.chat_id","tbl_chats.org_id"],"Shared Hit Blocks":25,"Shared Read Blocks":0,"Shared Dirtied Blocks":0,"Shared Written Blocks":0,"Local Hit Blocks":0,"Local Read Blocks":0,"Local Dirtied Blocks":0,"Local Written Blocks":0,"Temp Read Blocks":0,"Temp Written Blocks":0,"Plans":[{"Node Type":"Index Scan","Parent Relationship":"Outer","Parallel Aware":false,"Async Capable":false,"Scan Direction":"Forward","Index Name":"tbl_chats_org_id_idx","Relation Name":"tbl_chats","Schema":"public","Alias":"tbl_chats","Startup Cost":0.39,"Total Cost":42.22,"Plan Rows":34,"Plan Width":2425,"Actual Startup Time":0.273,"Actual Total Time":1.419,"Actual Rows":34,"Actual Loops":1,"Output":["tbl_chats.org_phone","tbl_chats.chat_image","tbl_chats.invite_link","tbl_chats.chat_name","tbl_chats.latest_message","tbl_chats.member_count","tbl_chats.chat_type","tbl_chats.group_metadata","tbl_chats.created_at","tbl_chats.is_muted","tbl_chats.archived","tbl_chats.unread_count","tbl_chats.chat_id","tbl_chats.org_id"],"Index Cond":"(tbl_chats.org_id = ANY (list_org_from_user()))","Rows Removed by Index Recheck":0,"Shared Hit Blocks":25,"Shared Read Blocks":0,"Shared Dirtied Blocks":0,"Shared Written Blocks":0,"Local Hit Blocks":0,"Local Read Blocks":0,"Local Dirtied Blocks":0,"Local Written Blocks":0,"Temp Read Blocks":0,"Temp Written Blocks":0}]}]},{"Node Type":"Index Scan","Parent Relationship":"Inner","Parallel Aware":false,"Async Capable":false,"Scan Direction":"Forward","Index Name":"tbl_org_members_org_id_idx","Relation Name":"tbl_org_members","Schema":"public","Alias":"tbl_org_members","Startup Cost":0.39,"Total Cost":2.17,"Plan Rows":1,"Plan Width":179,"Actual Startup Time":0.012,"Actual Total Time":0.012,"Actual Rows":1,"Actual Loops":34,"Output":["tbl_org_members.preferences","tbl_org_members.role","tbl_org_members.org_phones","tbl_org_members.org_id"],"Index Cond":"((tbl_org_members.org_id = tbl_chats.org_id) AND (tbl_org_members.org_id = ANY (list_org_from_user())))","Rows Removed by Index Recheck":0,"Filter":"(tbl_org_members.email = COALESCE(NULLIF(current_setting('request.jwt.claim.email'::text, true), ''::text), ((NULLIF(current_setting('request.jwt.claims'::text, true), ''::text))::jsonb ->> 'email'::text)))","Rows Removed by Filter":0,"Shared Hit Blocks":68,"Shared Read Blocks":0,"Shared Dirtied Blocks":0,"Shared Written Blocks":0,"Local Hit Blocks":0,"Local Read Blocks":0,"Local Dirtied Blocks":0,"Local Written Blocks":0,"Temp Read Blocks":0,"Temp Written Blocks":0},{"Node Type":"SetOp","Strategy":"Hashed","Parent Relationship":"SubPlan","Subplan Name":"SubPlan 1","Parallel Aware":false,"Async Capable":false,"Command":"Intersect","Startup Cost":0,"Total Cost":0.49,"Plan Rows":10,"Plan Width":36,"Actual Startup Time":0,"Actual Total Time":0,"Actual Rows":0,"Actual Loops":0,"Output":["\"*SELECT* 1\".unnest","(0)"],"Shared Hit Blocks":0,"Shared Read Blocks":0,"Shared Dirtied Blocks":0,"Shared Written Blocks":0,"Local Hit Blocks":0,"Local Read Blocks":0,"Local Dirtied Blocks":0,"Local Written Blocks":0,"Temp Read Blocks":0,"Temp Written Blocks":0,"Plans":[{"Node Type":"Append","Parent Relationship":"Outer","Parallel Aware":false,"Async Capable":false,"Startup Cost":0,"Total Cost":0.44,"Plan Rows":20,"Plan Width":36,"Actual Startup Time":0,"Actual Total Time":0,"Actual Rows":0,"Actual Loops":0,"Shared Hit Blocks":0,"Shared Read Blocks":0,"Shared Dirtied Blocks":0,"Shared Written Blocks":0,"Local Hit Blocks":0,"Local Read Blocks":0,"Local Dirtied Blocks":0,"Local Written Blocks":0,"Temp Read Blocks":0,"Temp Written Blocks":0,"Subplans Removed":0,"Plans":[{"Node Type":"Subquery Scan","Parent Relationship":"Member","Parallel Aware":false,"Async Capable":false,"Alias":"*SELECT* 1","Startup Cost":0,"Total Cost":0.17,"Plan Rows":10,"Plan Width":36,"Actual Startup Time":0,"Actual Total Time":0,"Actual Rows":0,"Actual Loops":0,"Output":["\"*SELECT* 1\".unnest","0"],"Shared Hit Blocks":0,"Shared Read Blocks":0,"Shared Dirtied Blocks":0,"Shared Written Blocks":0,"Local Hit Blocks":0,"Local Read Blocks":0,"Local Dirtied Blocks":0,"Local Written Blocks":0,"Temp Read Blocks":0,"Temp Written Blocks":0,"Plans":[{"Node Type":"ProjectSet","Parent Relationship":"Subquery","Parallel Aware":false,"Async Capable":false,"Startup Cost":0,"Total Cost":0.07,"Plan Rows":10,"Plan Width":32,"Actual Startup Time":0,"Actual Total Time":0,"Actual Rows":0,"Actual Loops":0,"Output":["unnest(tbl_chat_properties.chat_org_phones)"],"Shared Hit Blocks":0,"Shared Read Blocks":0,"Shared Dirtied Blocks":0,"Shared Written Blocks":0,"Local Hit Blocks":0,"Local Read Blocks":0,"Local Dirtied Blocks":0,"Local Written Blocks":0,"Temp Read Blocks":0,"Temp Written Blocks":0,"Plans":[{"Node Type":"Result","Parent Relationship":"Outer","Parallel Aware":false,"Async Capable":false,"Startup Cost":0,"Total Cost":0.01,"Plan Rows":1,"Plan Width":0,"Actual Startup Time":0,"Actual Total Time":0,"Actual Rows":0,"Actual Loops":0,"Shared Hit Blocks":0,"Shared Read Blocks":0,"Shared Dirtied Blocks":0,"Shared Written Blocks":0,"Local Hit Blocks":0,"Local Read Blocks":0,"Local Dirtied Blocks":0,"Local Written Blocks":0,"Temp Read Blocks":0,"Temp Written Blocks":0}]}]},{"Node Type":"Subquery Scan","Parent Relationship":"Member","Parallel Aware":false,"Async Capable":false,"Alias":"*SELECT* 2","Startup Cost":0,"Total Cost":0.17,"Plan Rows":10,"Plan Width":36,"Actual Startup Time":0,"Actual Total Time":0,"Actual Rows":0,"Actual Loops":0,"Output":["\"*SELECT* 2\".unnest","1"],"Shared Hit Blocks":0,"Shared Read Blocks":0,"Shared Dirtied Blocks":0,"Shared Written Blocks":0,"Local Hit Blocks":0,"Local Read Blocks":0,"Local Dirtied Blocks":0,"Local Written Blocks":0,"Temp Read Blocks":0,"Temp Written Blocks":0,"Plans":[{"Node Type":"ProjectSet","Parent Relationship":"Subquery","Parallel Aware":false,"Async Capable":false,"Startup Cost":0,"Total Cost":0.07,"Plan Rows":10,"Plan Width":32,"Actual Startup Time":0,"Actual Total Time":0,"Actual Rows":0,"Actual Loops":0,"Output":["unnest(tbl_org_members.org_phones)"],"Shared Hit Blocks":0,"Shared Read Blocks":0,"Shared Dirtied Blocks":0,"Shared Written Blocks":0,"Local Hit Blocks":0,"Local Read Blocks":0,"Local Dirtied Blocks":0,"Local Written Blocks":0,"Temp Read Blocks":0,"Temp Written Blocks":0,"Plans":[{"Node Type":"Result","Parent Relationship":"Outer","Parallel Aware":false,"Async Capable":false,"Startup Cost":0,"Total Cost":0.01,"Plan Rows":1,"Plan Width":0,"Actual Startup Time":0,"Actual Total Time":0,"Actual Rows":0,"Actual Loops":0,"Shared Hit Blocks":0,"Shared Read Blocks":0,"Shared Dirtied Blocks":0,"Shared Written Blocks":0,"Local Hit Blocks":0,"Local Read Blocks":0,"Local Dirtied Blocks":0,"Local Written Blocks":0,"Temp Read Blocks":0,"Temp Written Blocks":0}]}]}]}]}]},"Query Identifier":8456714464181499000,"Planning":{"Shared Hit Blocks":843,"Shared Read Blocks":0,"Shared Dirtied Blocks":0,"Shared Written Blocks":0,"Local Hit Blocks":0,"Local Read Blocks":0,"Local Dirtied Blocks":0,"Local Written Blocks":0,"Temp Read Blocks":0,"Temp Written Blocks":0},"Planning Time":5.949,"Triggers":[],"Execution Time":74.21}];

export const SAMPLE_QUERY = `SELECT * FROM view_chats`;
